Using pre-set license

 COMMAND LINE ARGUMENTS:
/Applications/Unity/Hub/Editor/2020.3.7f1/Unity.app/Contents/MacOS/Unity
-adb2
-batchMode
-noUpm
-name
AssetImportWorker0
-projectPath
/Users/igor/Desktop/EmbodimentVR/Embodiment
-logFile
Logs/AssetImportWorker0.log
-srvPort
55449
Successfully changed project path to: /Users/igor/Desktop/EmbodimentVR/Embodiment
/Users/igor/Desktop/EmbodimentVR/Embodiment
Using Asset Import Pipeline V2.
Refreshing native plugins compatible for Editor in 256.94 ms, found 2 plugins.
Preloading 0 native plugins for Editor in 0.00 ms.
Initialize engine version: 2020.3.7f1 (dd97f2c94397)
[Subsystems] Discovering subsystems at path /Applications/Unity/Hub/Editor/2020.3.7f1/Unity.app/Contents/Resources/UnitySubsystems
[Subsystems] Discovering subsystems at path /Users/igor/Desktop/EmbodimentVR/Embodiment/Assets
GfxDevice: creating device client; threaded=0
2021-09-25 17:35:31.116 Unity[4376:240738] (null) preferred device: Apple M1 (high power)
2021-09-25 17:35:31.116 Unity[4376:240738] Metal devices available: 1
2021-09-25 17:35:31.116 Unity[4376:240738] 0: Apple M1 (high power)
2021-09-25 17:35:31.117 Unity[4376:240738] Using device Apple M1 (high power)
Initializing Metal device caps: Apple M1
Initialize mono
Mono path[0] = '/Applications/Unity/Hub/Editor/2020.3.7f1/Unity.app/Contents/Managed'
Mono path[1] = '/Applications/Unity/Hub/Editor/2020.3.7f1/Unity.app/Contents/MonoBleedingEdge/lib/mono/unityjit'
Mono config path = '/Applications/Unity/Hub/Editor/2020.3.7f1/Unity.app/Contents/MonoBleedingEdge/etc'
Using monoOptions --debugger-agent=transport=dt_socket,embedding=1,server=y,suspend=n,address=127.0.0.1:56376
Begin MonoManager ReloadAssembly
Registering precompiled unity dll's ...
Register platform support module: /Applications/Unity/Hub/Editor/2020.3.7f1/Unity.app/Contents/PlaybackEngines/MacStandaloneSupport/UnityEditor.OSXStandalone.Extensions.dll
Registered in 0.001218 seconds.
Native extension for OSXStandalone target not found
Refreshing native plugins compatible for Editor in 65.58 ms, found 2 plugins.
Preloading 0 native plugins for Editor in 0.00 ms.
Mono: successfully reloaded assembly
- Completed reload, in  2.304 seconds
Platform modules already initialized, skipping
Registering precompiled user dll's ...
Registered in 0.006749 seconds.
Begin MonoManager ReloadAssembly
Native extension for OSXStandalone target not found
Refreshing native plugins compatible for Editor in 61.32 ms, found 2 plugins.
Preloading 0 native plugins for Editor in 0.00 ms.
Mono: successfully reloaded assembly
- Completed reload, in  4.305 seconds
Platform modules already initialized, skipping
========================================================================
Worker process is ready to serve import requests
Launching external process: /Applications/Unity/Hub/Editor/2020.3.7f1/Unity.app/Contents/Tools/UnityShaderCompiler
Launched and connected shader compiler UnityShaderCompiler after 0.06 seconds
Refreshing native plugins compatible for Editor in 0.80 ms, found 2 plugins.
Preloading 0 native plugins for Editor in 0.00 ms.
Unloading 2805 Unused Serialized files (Serialized files now loaded: 0)
System memory in use before: 225.7 MB.
System memory in use after: 225.7 MB.

Unloading 37 unused Assets to reduce memory usage. Loaded Objects now: 3252.
Total: 5.123167 ms (FindLiveObjects: 0.592083 ms CreateObjectMapping: 0.060292 ms MarkObjects: 4.117792 ms  DeleteObjects: 0.351875 ms)

========================================================================
Received Import Request.
  path: Assets/Scripts/Spawn.cs
  artifactKey: Guid(f5e56a8185af6477d800007b4e4a826a) Importer(815301076,1909f56bfc062723c751e8b465ee728b)
Start importing Assets/Scripts/Spawn.cs using Guid(f5e56a8185af6477d800007b4e4a826a) Importer(815301076,1909f56bfc062723c751e8b465ee728b)  -> (artifact id: 'bdcb15ff1e9919f6d53ea59712d2a50f') in 0.409477 seconds
  Import took 0.414875 seconds .

========================================================================
Received Prepare
Registering precompiled user dll's ...
Registered in 0.005614 seconds.
Begin MonoManager ReloadAssembly
Native extension for OSXStandalone target not found
Refreshing native plugins compatible for Editor in 0.88 ms, found 2 plugins.
Preloading 0 native plugins for Editor in 0.00 ms.
Mono: successfully reloaded assembly
- Completed reload, in  2.560 seconds
Platform modules already initialized, skipping
Refreshing native plugins compatible for Editor in 0.86 ms, found 2 plugins.
Preloading 0 native plugins for Editor in 0.00 ms.
Unloading 2729 Unused Serialized files (Serialized files now loaded: 0)
System memory in use before: 224.9 MB.
System memory in use after: 224.9 MB.

Unloading 30 unused Assets to reduce memory usage. Loaded Objects now: 3256.
Total: 2.129292 ms (FindLiveObjects: 0.249584 ms CreateObjectMapping: 0.060750 ms MarkObjects: 1.690791 ms  DeleteObjects: 0.126500 ms)

========================================================================
Received Import Request.
  Time since last request: 628.780131 seconds.
  path: Assets/Prefabs
  artifactKey: Guid(250c25932271449358997ded31120688) Importer(815301076,1909f56bfc062723c751e8b465ee728b)
Start importing Assets/Prefabs using Guid(250c25932271449358997ded31120688) Importer(815301076,1909f56bfc062723c751e8b465ee728b)  -> (artifact id: 'f4cee01b6b3a7f75c318b7349a9f3e93') in 0.034612 seconds
  Import took 0.059339 seconds .

========================================================================
Received Import Request.
  Time since last request: 16.756090 seconds.
  path: Assets/Prefabs/male1.prefab
  artifactKey: Guid(ad1962890f41c41b8b68e267a38046b8) Importer(815301076,1909f56bfc062723c751e8b465ee728b)
Start importing Assets/Prefabs/male1.prefab using Guid(ad1962890f41c41b8b68e267a38046b8) Importer(815301076,1909f56bfc062723c751e8b465ee728b)  -> (artifact id: '07d38d5da80ff93c6c3503047379a2de') in 1.438695 seconds
  Import took 1.458873 seconds .

========================================================================
Received Import Request.
  Time since last request: 57.651746 seconds.
  path: Assets/Prefabs/male1 Variant.prefab
  artifactKey: Guid(2d3bd7bfc4bf04c7a87dd46c9f974117) Importer(815301076,1909f56bfc062723c751e8b465ee728b)
Start importing Assets/Prefabs/male1 Variant.prefab using Guid(2d3bd7bfc4bf04c7a87dd46c9f974117) Importer(815301076,1909f56bfc062723c751e8b465ee728b)  -> (artifact id: '281f0719c49768e27f383b3b56c04b82') in 0.194999 seconds
  Import took 0.207537 seconds .

========================================================================
Received Import Request.
  Time since last request: 5.844486 seconds.
  path: Assets/Prefabs/male2.prefab
  artifactKey: Guid(c0b99f5d68981427eb8e0a1f5eb126ff) Importer(815301076,1909f56bfc062723c751e8b465ee728b)
Start importing Assets/Prefabs/male2.prefab using Guid(c0b99f5d68981427eb8e0a1f5eb126ff) Importer(815301076,1909f56bfc062723c751e8b465ee728b)  -> (artifact id: '073c0c9c41404bca8430108c24cca755') in 0.121524 seconds
  Import took 0.129411 seconds .

========================================================================
Received Import Request.
  Time since last request: 6.811305 seconds.
  path: Assets/Prefabs/male3.prefab
  artifactKey: Guid(65ce18d2f78de4b5eb5368b3ea3f8941) Importer(815301076,1909f56bfc062723c751e8b465ee728b)
Start importing Assets/Prefabs/male3.prefab using Guid(65ce18d2f78de4b5eb5368b3ea3f8941) Importer(815301076,1909f56bfc062723c751e8b465ee728b)  -> (artifact id: '56087579321fb38544bdb565736976cd') in 0.128050 seconds
  Import took 0.136697 seconds .

========================================================================
Received Import Request.
  Time since last request: 13.489570 seconds.
  path: Assets/Prefabs/male3 Variant.prefab
  artifactKey: Guid(8822ead2277324b84b9657b7af9c5a18) Importer(815301076,1909f56bfc062723c751e8b465ee728b)
Start importing Assets/Prefabs/male3 Variant.prefab using Guid(8822ead2277324b84b9657b7af9c5a18) Importer(815301076,1909f56bfc062723c751e8b465ee728b)  -> (artifact id: '0397ca210131cc156d12ee0d1a394b69') in 0.117311 seconds
  Import took 0.125896 seconds .

========================================================================
Received Import Request.
  Time since last request: 4.620622 seconds.
  path: Assets/Prefabs/male4.prefab
  artifactKey: Guid(b17ed569feb5948cab53e9531625bff8) Importer(815301076,1909f56bfc062723c751e8b465ee728b)
Start importing Assets/Prefabs/male4.prefab using Guid(b17ed569feb5948cab53e9531625bff8) Importer(815301076,1909f56bfc062723c751e8b465ee728b)  -> (artifact id: '9cab35fc0fa61ec0be8f8aa44c8ecedb') in 0.111831 seconds
  Import took 0.120841 seconds .

========================================================================
Received Import Request.
  Time since last request: 3.926049 seconds.
  path: Assets/Prefabs/male4 Variant.prefab
  artifactKey: Guid(c8c8b07783c344b34919d0be453ca6c5) Importer(815301076,1909f56bfc062723c751e8b465ee728b)
Start importing Assets/Prefabs/male4 Variant.prefab using Guid(c8c8b07783c344b34919d0be453ca6c5) Importer(815301076,1909f56bfc062723c751e8b465ee728b)  -> (artifact id: 'af13c092acaadfb92b12d531c10d33b7') in 0.110249 seconds
  Import took 0.121149 seconds .

========================================================================
Received Import Request.
  Time since last request: 3.630406 seconds.
  path: Assets/Prefabs/male5.prefab
  artifactKey: Guid(c44b4038348b34feea15087f3162f75a) Importer(815301076,1909f56bfc062723c751e8b465ee728b)
Start importing Assets/Prefabs/male5.prefab using Guid(c44b4038348b34feea15087f3162f75a) Importer(815301076,1909f56bfc062723c751e8b465ee728b)  -> (artifact id: '29464d2cd7549bec58f3faea3a4f357a') in 0.119925 seconds
  Import took 0.128826 seconds .

========================================================================
Received Import Request.
  Time since last request: 4.669271 seconds.
  path: Assets/Prefabs/male5 Variant.prefab
  artifactKey: Guid(092c7419c82114749b42c53842ac7577) Importer(815301076,1909f56bfc062723c751e8b465ee728b)
Start importing Assets/Prefabs/male5 Variant.prefab using Guid(092c7419c82114749b42c53842ac7577) Importer(815301076,1909f56bfc062723c751e8b465ee728b)  -> (artifact id: '49e1a2606b25230a8952156d7d3f0a23') in 0.099053 seconds
  Import took 0.108052 seconds .

========================================================================
Received Import Request.
  Time since last request: 82.703641 seconds.
  path: Assets/Scripts/Spawner.cs
  artifactKey: Guid(f5e56a8185af6477d800007b4e4a826a) Importer(815301076,1909f56bfc062723c751e8b465ee728b)
Start importing Assets/Scripts/Spawner.cs using Guid(f5e56a8185af6477d800007b4e4a826a) Importer(815301076,1909f56bfc062723c751e8b465ee728b)  -> (artifact id: 'c13485c5a23bf6a3428baa950ef08521') in 0.008388 seconds
  Import took 0.026327 seconds .

========================================================================
Received Import Request.
  Time since last request: 0.026277 seconds.
  path: Assets/Scripts/Spawner.cs
  artifactKey: Guid(f5e56a8185af6477d800007b4e4a826a) Importer(815301076,1909f56bfc062723c751e8b465ee728b)
Start importing Assets/Scripts/Spawner.cs using Guid(f5e56a8185af6477d800007b4e4a826a) Importer(815301076,1909f56bfc062723c751e8b465ee728b)  -> (artifact id: 'c13485c5a23bf6a3428baa950ef08521') in 0.001270 seconds
  Import took 0.008964 seconds .

========================================================================
Received Prepare
Registering precompiled user dll's ...
Registered in 0.006400 seconds.
Begin MonoManager ReloadAssembly
Native extension for OSXStandalone target not found
Refreshing native plugins compatible for Editor in 0.86 ms, found 2 plugins.
Preloading 0 native plugins for Editor in 0.00 ms.
Mono: successfully reloaded assembly
- Completed reload, in  2.740 seconds
Platform modules already initialized, skipping
Refreshing native plugins compatible for Editor in 0.87 ms, found 2 plugins.
Preloading 0 native plugins for Editor in 0.00 ms.
Unloading 2729 Unused Serialized files (Serialized files now loaded: 0)
System memory in use before: 245.2 MB.
System memory in use after: 245.3 MB.

Unloading 30 unused Assets to reduce memory usage. Loaded Objects now: 3267.
Total: 4.004083 ms (FindLiveObjects: 0.235917 ms CreateObjectMapping: 0.108625 ms MarkObjects: 3.496875 ms  DeleteObjects: 0.161917 ms)

AssetImportWorkerClient::OnTransportError - code=2 error=End of file
