Using pre-set license
Built from '2020.3/release' branch; Version is '2020.3.7f1 (dd97f2c94397) revision 14522354'; Using compiler version '192528614'; Build Type 'Release'
OS: 'Windows 10 Home; OS build 19043.1237; Version 2009; 64bit' Language: 'it' Physical Memory: 15741 MB
BatchMode: 1, IsHumanControllingUs: 0, StartBugReporterOnCrash: 0, Is64bit: 1, IsPro: 0

 COMMAND LINE ARGUMENTS:
C:\Program Files\Unity\Hub\Editor\2020.3.7f1\Editor\Unity.exe
-adb2
-batchMode
-noUpm
-name
AssetImportWorker1
-projectPath
C:/Users/paola/Desktop/EmbodimentVR/Embodiment
-logFile
Logs/AssetImportWorker1.log
-srvPort
52641
Successfully changed project path to: C:/Users/paola/Desktop/EmbodimentVR/Embodiment
C:/Users/paola/Desktop/EmbodimentVR/Embodiment
Using Asset Import Pipeline V2.
Refreshing native plugins compatible for Editor in 70.82 ms, found 9 plugins.
Preloading 0 native plugins for Editor in 0.00 ms.
Initialize engine version: 2020.3.7f1 (dd97f2c94397)
[Subsystems] Discovering subsystems at path C:/Program Files/Unity/Hub/Editor/2020.3.7f1/Editor/Data/Resources/UnitySubsystems
[Subsystems] Discovering subsystems at path C:/Users/paola/Desktop/EmbodimentVR/Embodiment/Assets
GfxDevice: creating device client; threaded=0
Direct3D:
    Version:  Direct3D 11.0 [level 11.1]
    Renderer: NVIDIA GeForce GTX 1650 Ti (ID=0x1f95)
    Vendor:   
    VRAM:     3962 MB
    Driver:   30.0.14.7196
Initialize mono
Mono path[0] = 'C:/Program Files/Unity/Hub/Editor/2020.3.7f1/Editor/Data/Managed'
Mono path[1] = 'C:/Program Files/Unity/Hub/Editor/2020.3.7f1/Editor/Data/MonoBleedingEdge/lib/mono/unityjit'
Mono config path = 'C:/Program Files/Unity/Hub/Editor/2020.3.7f1/Editor/Data/MonoBleedingEdge/etc'
Using monoOptions --debugger-agent=transport=dt_socket,embedding=1,server=y,suspend=n,address=127.0.0.1:56588
Begin MonoManager ReloadAssembly
Registering precompiled unity dll's ...
Register platform support module: C:/Program Files/Unity/Hub/Editor/2020.3.7f1/Editor/Data/PlaybackEngines/WindowsStandaloneSupport/UnityEditor.WindowsStandalone.Extensions.dll
Registered in 0.001773 seconds.
Native extension for WindowsStandalone target not found
Refreshing native plugins compatible for Editor in 60.86 ms, found 9 plugins.
Preloading 0 native plugins for Editor in 0.00 ms.
Mono: successfully reloaded assembly
- Completed reload, in  1.005 seconds
Platform modules already initialized, skipping
Registering precompiled user dll's ...
Registered in 0.006696 seconds.
Begin MonoManager ReloadAssembly
Native extension for WindowsStandalone target not found
Refreshing native plugins compatible for Editor in 59.41 ms, found 9 plugins.
Preloading 0 native plugins for Editor in 0.00 ms.
Mono: successfully reloaded assembly
- Completed reload, in  2.891 seconds
Platform modules already initialized, skipping
========================================================================
Worker process is ready to serve import requests
Launched and connected shader compiler UnityShaderCompiler.exe after 0.07 seconds
Refreshing native plugins compatible for Editor in 0.89 ms, found 9 plugins.
Preloading 0 native plugins for Editor in 0.00 ms.
Unloading 2804 Unused Serialized files (Serialized files now loaded: 0)
System memory in use before: 211.4 MB.
System memory in use after: 211.3 MB.

Unloading 33 unused Assets to reduce memory usage. Loaded Objects now: 3264.
Total: 3.943100 ms (FindLiveObjects: 0.545000 ms CreateObjectMapping: 0.212300 ms MarkObjects: 2.990400 ms  DeleteObjects: 0.193100 ms)

========================================================================
Received Import Request.
  path: Assets/Agents/Models/woman1/woman1.fbx
  artifactKey: Guid(0d550410d346d406593598c6125b9dab) Importer(815301076,1909f56bfc062723c751e8b465ee728b)
Start importing Assets/Agents/Models/woman1/woman1.fbx using Guid(0d550410d346d406593598c6125b9dab) Importer(815301076,1909f56bfc062723c751e8b465ee728b)  -> (artifact id: '718f59d841dac8eb06dbe6c41511474f') in 0.519915 seconds
  Import took 0.527983 seconds .

========================================================================
Received Import Request.
  Time since last request: 0.000323 seconds.
  path: Assets/Agents/Models/woman1/woman1.prefab
  artifactKey: Guid(34f4eaee8b8a3214ca11f9feea50883d) Importer(815301076,1909f56bfc062723c751e8b465ee728b)
Start importing Assets/Agents/Models/woman1/woman1.prefab using Guid(34f4eaee8b8a3214ca11f9feea50883d) Importer(815301076,1909f56bfc062723c751e8b465ee728b)  -> (artifact id: '29f935deef0cbebdf3e5960a647010f1') in 0.190652 seconds
  Import took 0.198207 seconds .

========================================================================
Received Import Request.
  Time since last request: 0.000324 seconds.
  path: Assets/Agents/Models/woman1/woman1 Variant.prefab
  artifactKey: Guid(7580c40abbff45e4dbdd805b783abdb5) Importer(815301076,1909f56bfc062723c751e8b465ee728b)
Start importing Assets/Agents/Models/woman1/woman1 Variant.prefab using Guid(7580c40abbff45e4dbdd805b783abdb5) Importer(815301076,1909f56bfc062723c751e8b465ee728b)  -> (artifact id: '30a5f60d69176805b5cb79d2dfa6a541') in 0.127265 seconds
  Import took 0.135003 seconds .

AssetImportWorkerClient::OnTransportError - code=2 error=End of file
